<?xml version="1.0" encoding="UTF-8"?>
<testsuite xmlns:xsi="http://www.w3.org/2001/XMLSchema-instance" xsi:schemaLocation="https://maven.apache.org/surefire/maven-surefire-plugin/xsd/surefire-test-report.xsd" name="runner.TestRunner" time="78.09" tests="18" errors="0" skipped="0" failures="0">
  <properties>
[...]
</properties>
  <testcase name="Given user goes to fake website" classname="Scenario: [Test#1] Testing cucumber" time="0.003"/>
  <testcase name="And user enters the following info" classname="Scenario: [Test#1] Testing cucumber" time="0"/>
  <testcase name="Scenario: [Test#1] Testing cucumber" classname="Scenario: [Test#1] Testing cucumber" time="0.034"/>
  <testcase name="Given user goes to fake website &quot;http://www.google.com&quot;" classname="| 1 | http://www.google.com |" time="0"/>
  <testcase name="| 1 | http://www.google.com |" classname="| 1 | http://www.google.com |" time="0.224"/>
  <testcase name="Given user goes to fake website &quot;http://www.microsoft.com&quot;" classname="| 2 | http://www.microsoft.com |" time="0"/>
  <testcase name="| 2 | http://www.microsoft.com |" classname="| 2 | http://www.microsoft.com |" time="0.248"/>
  <testcase name="Given user goes to fake website &quot;http://www.spacex.com&quot;" classname="| 3 | http://www.spacex.com |" time="0"/>
  <testcase name="| 3 | http://www.spacex.com |" classname="| 3 | http://www.spacex.com |" time="0.189"/>
  <testcase name="Given user goes to fake website" classname="Scenario: [Test#3] Test argument transformation in step definition" time="0"/>
  <testcase name="And user enter the email address as &quot;thomas_ejob&quot;" classname="Scenario: [Test#3] Test argument transformation in step definition" time="0"/>
  <testcase name="Scenario: [Test#3] Test argument transformation in step definition" classname="Scenario: [Test#3] Test argument transformation in step definition" time="0.18"/>
  <testcase name="Given user test &quot;lambda expression&quot;" classname="Scenario: [Test#4] Testing lambda expression" time="0"/>
  <testcase name="Scenario: [Test#4] Testing lambda expression" classname="Scenario: [Test#4] Testing lambda expression" time="0.39"/>
  <testcase name="Given user goes to url &quot;http://www.google.com&quot;" classname="Scenario: [Test#5] Testing Selenium" time="0"/>
  <testcase name="When user sets the &quot;search&quot; to be &quot;cat&quot; on the &quot;google&quot; page" classname="Scenario: [Test#5] Testing Selenium" time="0"/>
  <testcase name="And user clicks on &quot;search&quot; on the &quot;google&quot; page" classname="Scenario: [Test#5] Testing Selenium" time="0"/>
  <testcase name="Scenario: [Test#5] Testing Selenium" classname="Scenario: [Test#5] Testing Selenium" time="0.02"/>
</testsuite>